<?xml version="1.0" encoding="UTF-8"?>
<testsuite xmlns:xsi="http://www.w3.org/2001/XMLSchema-instance" xsi:noNamespaceSchemaLocation="https://maven.apache.org/surefire/maven-surefire-plugin/xsd/surefire-test-report.xsd" version="3.0.2" name="com.allermind.model.ModelServiceApplicationTests" time="0.943" tests="1" errors="0" skipped="0" failures="0">
  <properties>
[...]
</properties>
  <testcase name="contextLoads" classname="com.allermind.model.ModelServiceApplicationTests" time="0.316">
    <system-out><![CDATA[00:07:15.785 [main] INFO org.springframework.test.context.support.AnnotationConfigContextLoaderUtils -- Could not detect default configuration classes for test class [com.allermind.model.ModelServiceApplicationTests]: ModelServiceApplicationTests does not declare any static, non-private, non-final, nested classes annotated with @Configuration.
00:07:15.827 [main] INFO org.springframework.boot.test.context.SpringBootTestContextBootstrapper -- Found @SpringBootConfiguration com.allermind.model.ModelServiceApplication for test class com.allermind.model.ModelServiceApplicationTests

  .   ____          _            __ _ _
 /\\ / ___'_ __ _ _(_)_ __  __ _ \ \ \ \
( ( )\___ | '_ | '_| | '_ \/ _` | \ \ \ \
 \\/  ___)| |_)| | | | | || (_| |  ) ) ) )
  '  |____| .__|_| |_|_| |_\__, | / / / /
 =========|_|==============|___/=/_/_/_/

 :: Spring Boot ::             (v4.0.0-M2)

2025-09-12T00:07:15.960+03:00  INFO 33151 --- [model-service] [           main] c.a.model.ModelServiceApplicationTests   : Starting ModelServiceApplicationTests using Java 21.0.4 with PID 33151 (started by elifdy in /Users/elifdy/Desktop/allermind/aller-mind/model-microservice)
2025-09-12T00:07:15.961+03:00  INFO 33151 --- [model-service] [           main] c.a.model.ModelServiceApplicationTests   : No active profile set, falling back to 1 default profile: "default"
2025-09-12T00:07:16.344+03:00  INFO 33151 --- [model-service] [           main] c.a.model.ModelServiceApplicationTests   : Started ModelServiceApplicationTests in 0.477 seconds (process running for 0.841)
]]></system-out>
    <system-err><![CDATA[Mockito is currently self-attaching to enable the inline-mock-maker. This will no longer work in future releases of the JDK. Please add Mockito as an agent to your build as described in Mockito's documentation: https://javadoc.io/doc/org.mockito/mockito-core/latest/org.mockito/org/mockito/Mockito.html#0.3
WARNING: A Java agent has been loaded dynamically (/Users/elifdy/.m2/repository/net/bytebuddy/byte-buddy-agent/1.17.7/byte-buddy-agent-1.17.7.jar)
WARNING: If a serviceability tool is in use, please run with -XX:+EnableDynamicAgentLoading to hide this warning
WARNING: If a serviceability tool is not in use, please run with -Djdk.instrument.traceUsage for more information
WARNING: Dynamic loading of agents will be disallowed by default in a future release
]]></system-err>
  </testcase>
</testsuite>